<?xml version="1.0" encoding="UTF-8"?>
<!-- Generated by org.testng.reporters.JUnitXMLReporter -->
<testsuite ignored="0" hostname="MKOKANE10A" failures="0" tests="3" name="Default test" time="18.148" errors="0" timestamp="2024-06-11T12:34:56 IST">
  <testcase classname="com.prjct.qa.testcases.LoginpageTest" name="loginpagetitletest" time="0.014"/>
  <testcase classname="com.prjct.qa.testcases.LoginpageTest" name="crmlogotest" time="0.032"/>
  <testcase classname="com.prjct.qa.testcases.LoginpageTest" name="loginTest" time="4.327"/>
</testsuite> <!-- Default test -->
