<?xml version="1.0" encoding="UTF-8"?>
<!-- Generated by org.testng.reporters.JUnitXMLReporter -->
<testsuite ignored="0" hostname="MKOKANE10A" failures="0" tests="4" name="Test" time="48.984" errors="0" timestamp="2024-06-13T10:51:01 IST">
  <testcase classname="com.prjct.qa.testcases.LoginpageTest" name="loginpagetitletest" time="0.026"/>
  <testcase classname="com.prjct.qa.testcases.LoginpageTest" name="crmlogotest" time="0.025"/>
  <testcase classname="com.prjct.qa.testcases.LoginpageTest" name="loginTest" time="7.684"/>
  <testcase classname="com.prjct.qa.testcases.HomepageTest" name="verifytitlepageTest" time="0.008"/>
</testsuite> <!-- Test -->
