<?xml version="1.0" encoding="UTF-8"?>
<!-- Generated by org.testng.reporters.JUnitXMLReporter -->
<testsuite ignored="0" hostname="MKOKANE10A" failures="0" tests="4" name="Test" time="73.948" errors="0" timestamp="2024-06-12T11:46:11 IST">
  <testcase classname="com.prjct.qa.testcases.LoginpageTest" name="loginpagetitletest" time="0.028"/>
  <testcase classname="com.prjct.qa.testcases.LoginpageTest" name="crmlogotest" time="0.046"/>
  <testcase classname="com.prjct.qa.testcases.LoginpageTest" name="loginTest" time="12.415"/>
  <testcase classname="com.prjct.qa.testcases.HomepageTest" name="verifytitlepageTest" time="0.009"/>
</testsuite> <!-- Test -->
