<?xml version="1.0" encoding="UTF-8"?>
<!-- Generated by org.testng.reporters.JUnitXMLReporter -->
<testsuite ignored="0" hostname="MKOKANE10A" failures="0" tests="4" name="Test" time="35.019" errors="0" timestamp="2024-06-11T14:19:03 IST">
  <testcase classname="com.prjct.qa.testcases.LoginpageTest" name="loginpagetitletest" time="0.016"/>
  <testcase classname="com.prjct.qa.testcases.LoginpageTest" name="crmlogotest" time="0.038"/>
  <testcase classname="com.prjct.qa.testcases.LoginpageTest" name="loginTest" time="4.882"/>
  <testcase classname="com.prjct.qa.testcases.HomepageTest" name="verifytitlepageTest" time="0.011"/>
</testsuite> <!-- Test -->
