<?xml version="1.0" encoding="UTF-8"?>
<testng-results ignored="0" total="4" passed="4" failed="0" skipped="0">
  <reporter-output>
  </reporter-output>
  <suite started-at="2024-06-11T14:18:28 IST" name="Suite" finished-at="2024-06-11T14:19:03 IST" duration-ms="35019">
    <groups>
    </groups>
    <test started-at="2024-06-11T14:18:28 IST" name="Test" finished-at="2024-06-11T14:19:03 IST" duration-ms="35019">
      <class name="com.prjct.qa.testcases.LoginpageTest">
        <test-method is-config="true" signature="setup()[pri:0, instance:com.prjct.qa.testcases.LoginpageTest@4ac3c60d]" started-at="2024-06-11T14:18:28 IST" name="setup" finished-at="2024-06-11T14:18:33 IST" duration-ms="5314" status="PASS">
          <reporter-output>
          </reporter-output>
        </test-method> <!-- setup -->
        <test-method signature="loginpagetitletest()[pri:1, instance:com.prjct.qa.testcases.LoginpageTest@4ac3c60d]" started-at="2024-06-11T14:18:33 IST" name="loginpagetitletest" finished-at="2024-06-11T14:18:33 IST" duration-ms="16" status="PASS">
          <reporter-output>
          </reporter-output>
        </test-method> <!-- loginpagetitletest -->
        <test-method is-config="true" signature="teardown()[pri:0, instance:com.prjct.qa.testcases.LoginpageTest@4ac3c60d]" started-at="2024-06-11T14:18:33 IST" name="teardown" finished-at="2024-06-11T14:18:34 IST" duration-ms="327" status="PASS">
          <reporter-output>
          </reporter-output>
        </test-method> <!-- teardown -->
        <test-method is-config="true" signature="setup()[pri:0, instance:com.prjct.qa.testcases.LoginpageTest@4ac3c60d]" started-at="2024-06-11T14:18:34 IST" name="setup" finished-at="2024-06-11T14:18:38 IST" duration-ms="4515" status="PASS">
          <reporter-output>
          </reporter-output>
        </test-method> <!-- setup -->
        <test-method signature="crmlogotest()[pri:2, instance:com.prjct.qa.testcases.LoginpageTest@4ac3c60d]" started-at="2024-06-11T14:18:38 IST" name="crmlogotest" finished-at="2024-06-11T14:18:38 IST" duration-ms="38" status="PASS">
          <reporter-output>
          </reporter-output>
        </test-method> <!-- crmlogotest -->
        <test-method is-config="true" signature="teardown()[pri:0, instance:com.prjct.qa.testcases.LoginpageTest@4ac3c60d]" started-at="2024-06-11T14:18:38 IST" name="teardown" finished-at="2024-06-11T14:18:39 IST" duration-ms="290" status="PASS">
          <reporter-output>
          </reporter-output>
        </test-method> <!-- teardown -->
        <test-method is-config="true" signature="setup()[pri:0, instance:com.prjct.qa.testcases.LoginpageTest@4ac3c60d]" started-at="2024-06-11T14:18:39 IST" name="setup" finished-at="2024-06-11T14:18:43 IST" duration-ms="4474" status="PASS">
          <reporter-output>
          </reporter-output>
        </test-method> <!-- setup -->
        <test-method signature="loginTest()[pri:3, instance:com.prjct.qa.testcases.LoginpageTest@4ac3c60d]" started-at="2024-06-11T14:18:43 IST" name="loginTest" finished-at="2024-06-11T14:18:48 IST" duration-ms="4882" status="PASS">
          <reporter-output>
          </reporter-output>
        </test-method> <!-- loginTest -->
        <test-method is-config="true" signature="teardown()[pri:0, instance:com.prjct.qa.testcases.LoginpageTest@4ac3c60d]" started-at="2024-06-11T14:18:48 IST" name="teardown" finished-at="2024-06-11T14:18:48 IST" duration-ms="184" status="PASS">
          <reporter-output>
          </reporter-output>
        </test-method> <!-- teardown -->
      </class> <!-- com.prjct.qa.testcases.LoginpageTest -->
      <class name="com.prjct.qa.testcases.HomepageTest">
        <test-method is-config="true" signature="setup()[pri:0, instance:com.prjct.qa.testcases.HomepageTest@123ef382]" started-at="2024-06-11T14:18:48 IST" name="setup" finished-at="2024-06-11T14:19:03 IST" duration-ms="14824" status="PASS">
          <reporter-output>
          </reporter-output>
        </test-method> <!-- setup -->
        <test-method signature="verifytitlepageTest()[pri:0, instance:com.prjct.qa.testcases.HomepageTest@123ef382]" started-at="2024-06-11T14:19:03 IST" name="verifytitlepageTest" finished-at="2024-06-11T14:19:03 IST" duration-ms="11" status="PASS">
          <reporter-output>
          </reporter-output>
        </test-method> <!-- verifytitlepageTest -->
        <test-method is-config="true" signature="teardown()[pri:0, instance:com.prjct.qa.testcases.HomepageTest@123ef382]" started-at="2024-06-11T14:19:03 IST" name="teardown" finished-at="2024-06-11T14:19:03 IST" duration-ms="109" status="PASS">
          <reporter-output>
          </reporter-output>
        </test-method> <!-- teardown -->
      </class> <!-- com.prjct.qa.testcases.HomepageTest -->
    </test> <!-- Test -->
  </suite> <!-- Suite -->
</testng-results>
