<?xml version="1.0" encoding="UTF-8"?>
<testng-results ignored="0" total="4" passed="4" failed="0" skipped="0">
  <reporter-output>
  </reporter-output>
  <suite started-at="2024-06-13T10:50:12 IST" name="Suite" finished-at="2024-06-13T10:51:01 IST" duration-ms="48984">
    <groups>
    </groups>
    <test started-at="2024-06-13T10:50:12 IST" name="Test" finished-at="2024-06-13T10:51:01 IST" duration-ms="48984">
      <class name="com.prjct.qa.testcases.LoginpageTest">
        <test-method is-config="true" signature="setup()[pri:0, instance:com.prjct.qa.testcases.LoginpageTest@4ec4f3a0]" started-at="2024-06-13T10:50:12 IST" name="setup" finished-at="2024-06-13T10:50:22 IST" duration-ms="9195" status="PASS">
          <reporter-output>
          </reporter-output>
        </test-method> <!-- setup -->
        <test-method signature="loginpagetitletest()[pri:1, instance:com.prjct.qa.testcases.LoginpageTest@4ec4f3a0]" started-at="2024-06-13T10:50:22 IST" name="loginpagetitletest" finished-at="2024-06-13T10:50:22 IST" duration-ms="26" status="PASS">
          <reporter-output>
          </reporter-output>
        </test-method> <!-- loginpagetitletest -->
        <test-method is-config="true" signature="teardown()[pri:0, instance:com.prjct.qa.testcases.LoginpageTest@4ec4f3a0]" started-at="2024-06-13T10:50:22 IST" name="teardown" finished-at="2024-06-13T10:50:22 IST" duration-ms="159" status="PASS">
          <reporter-output>
          </reporter-output>
        </test-method> <!-- teardown -->
        <test-method is-config="true" signature="setup()[pri:0, instance:com.prjct.qa.testcases.LoginpageTest@4ec4f3a0]" started-at="2024-06-13T10:50:22 IST" name="setup" finished-at="2024-06-13T10:50:30 IST" duration-ms="7750" status="PASS">
          <reporter-output>
          </reporter-output>
        </test-method> <!-- setup -->
        <test-method signature="crmlogotest()[pri:2, instance:com.prjct.qa.testcases.LoginpageTest@4ec4f3a0]" started-at="2024-06-13T10:50:30 IST" name="crmlogotest" finished-at="2024-06-13T10:50:30 IST" duration-ms="25" status="PASS">
          <reporter-output>
          </reporter-output>
        </test-method> <!-- crmlogotest -->
        <test-method is-config="true" signature="teardown()[pri:0, instance:com.prjct.qa.testcases.LoginpageTest@4ec4f3a0]" started-at="2024-06-13T10:50:30 IST" name="teardown" finished-at="2024-06-13T10:50:30 IST" duration-ms="141" status="PASS">
          <reporter-output>
          </reporter-output>
        </test-method> <!-- teardown -->
        <test-method is-config="true" signature="setup()[pri:0, instance:com.prjct.qa.testcases.LoginpageTest@4ec4f3a0]" started-at="2024-06-13T10:50:30 IST" name="setup" finished-at="2024-06-13T10:50:38 IST" duration-ms="7851" status="PASS">
          <reporter-output>
          </reporter-output>
        </test-method> <!-- setup -->
        <test-method signature="loginTest()[pri:3, instance:com.prjct.qa.testcases.LoginpageTest@4ec4f3a0]" started-at="2024-06-13T10:50:38 IST" name="loginTest" finished-at="2024-06-13T10:50:45 IST" duration-ms="7684" status="PASS">
          <reporter-output>
          </reporter-output>
        </test-method> <!-- loginTest -->
        <test-method is-config="true" signature="teardown()[pri:0, instance:com.prjct.qa.testcases.LoginpageTest@4ec4f3a0]" started-at="2024-06-13T10:50:45 IST" name="teardown" finished-at="2024-06-13T10:50:46 IST" duration-ms="196" status="PASS">
          <reporter-output>
          </reporter-output>
        </test-method> <!-- teardown -->
      </class> <!-- com.prjct.qa.testcases.LoginpageTest -->
      <class name="com.prjct.qa.testcases.HomepageTest">
        <test-method is-config="true" signature="setup()[pri:0, instance:com.prjct.qa.testcases.HomepageTest@5656be13]" started-at="2024-06-13T10:50:46 IST" name="setup" finished-at="2024-06-13T10:51:01 IST" duration-ms="15803" status="PASS">
          <reporter-output>
          </reporter-output>
        </test-method> <!-- setup -->
        <test-method signature="verifytitlepageTest()[pri:0, instance:com.prjct.qa.testcases.HomepageTest@5656be13]" started-at="2024-06-13T10:51:01 IST" name="verifytitlepageTest" finished-at="2024-06-13T10:51:01 IST" duration-ms="8" status="PASS">
          <reporter-output>
          </reporter-output>
        </test-method> <!-- verifytitlepageTest -->
        <test-method is-config="true" signature="teardown()[pri:0, instance:com.prjct.qa.testcases.HomepageTest@5656be13]" started-at="2024-06-13T10:51:01 IST" name="teardown" finished-at="2024-06-13T10:51:01 IST" duration-ms="97" status="PASS">
          <reporter-output>
          </reporter-output>
        </test-method> <!-- teardown -->
      </class> <!-- com.prjct.qa.testcases.HomepageTest -->
    </test> <!-- Test -->
  </suite> <!-- Suite -->
</testng-results>
