<?xml version="1.0" encoding="UTF-8"?>
<testng-results ignored="0" total="4" passed="4" failed="0" skipped="0">
  <reporter-output>
  </reporter-output>
  <suite started-at="2024-06-11T14:09:49 IST" name="Suite" finished-at="2024-06-11T14:10:19 IST" duration-ms="29747">
    <groups>
    </groups>
    <test started-at="2024-06-11T14:09:49 IST" name="Test" finished-at="2024-06-11T14:10:19 IST" duration-ms="29747">
      <class name="com.prjct.qa.testcases.LoginpageTest">
        <test-method is-config="true" signature="setup()[pri:0, instance:com.prjct.qa.testcases.LoginpageTest@564fabc8]" started-at="2024-06-11T14:09:49 IST" name="setup" finished-at="2024-06-11T14:09:55 IST" duration-ms="5797" status="PASS">
          <reporter-output>
          </reporter-output>
        </test-method> <!-- setup -->
        <test-method signature="loginpagetitletest()[pri:1, instance:com.prjct.qa.testcases.LoginpageTest@564fabc8]" started-at="2024-06-11T14:09:55 IST" name="loginpagetitletest" finished-at="2024-06-11T14:09:55 IST" duration-ms="23" status="PASS">
          <reporter-output>
          </reporter-output>
        </test-method> <!-- loginpagetitletest -->
        <test-method is-config="true" signature="teardown()[pri:0, instance:com.prjct.qa.testcases.LoginpageTest@564fabc8]" started-at="2024-06-11T14:09:55 IST" name="teardown" finished-at="2024-06-11T14:09:55 IST" duration-ms="318" status="PASS">
          <reporter-output>
          </reporter-output>
        </test-method> <!-- teardown -->
        <test-method is-config="true" signature="setup()[pri:0, instance:com.prjct.qa.testcases.LoginpageTest@564fabc8]" started-at="2024-06-11T14:09:55 IST" name="setup" finished-at="2024-06-11T14:09:59 IST" duration-ms="4533" status="PASS">
          <reporter-output>
          </reporter-output>
        </test-method> <!-- setup -->
        <test-method signature="crmlogotest()[pri:2, instance:com.prjct.qa.testcases.LoginpageTest@564fabc8]" started-at="2024-06-11T14:09:59 IST" name="crmlogotest" finished-at="2024-06-11T14:10:00 IST" duration-ms="44" status="PASS">
          <reporter-output>
          </reporter-output>
        </test-method> <!-- crmlogotest -->
        <test-method is-config="true" signature="teardown()[pri:0, instance:com.prjct.qa.testcases.LoginpageTest@564fabc8]" started-at="2024-06-11T14:10:00 IST" name="teardown" finished-at="2024-06-11T14:10:00 IST" duration-ms="316" status="PASS">
          <reporter-output>
          </reporter-output>
        </test-method> <!-- teardown -->
        <test-method is-config="true" signature="setup()[pri:0, instance:com.prjct.qa.testcases.LoginpageTest@564fabc8]" started-at="2024-06-11T14:10:00 IST" name="setup" finished-at="2024-06-11T14:10:04 IST" duration-ms="4399" status="PASS">
          <reporter-output>
          </reporter-output>
        </test-method> <!-- setup -->
        <test-method signature="loginTest()[pri:3, instance:com.prjct.qa.testcases.LoginpageTest@564fabc8]" started-at="2024-06-11T14:10:04 IST" name="loginTest" finished-at="2024-06-11T14:10:09 IST" duration-ms="4992" status="PASS">
          <reporter-output>
          </reporter-output>
        </test-method> <!-- loginTest -->
        <test-method is-config="true" signature="teardown()[pri:0, instance:com.prjct.qa.testcases.LoginpageTest@564fabc8]" started-at="2024-06-11T14:10:09 IST" name="teardown" finished-at="2024-06-11T14:10:09 IST" duration-ms="168" status="PASS">
          <reporter-output>
          </reporter-output>
        </test-method> <!-- teardown -->
      </class> <!-- com.prjct.qa.testcases.LoginpageTest -->
      <class name="com.prjct.qa.testcases.HomepageTest">
        <test-method is-config="true" signature="setup()[pri:0, instance:com.prjct.qa.testcases.HomepageTest@6302bbb1]" started-at="2024-06-11T14:10:09 IST" name="setup" finished-at="2024-06-11T14:10:18 IST" duration-ms="9008" status="PASS">
          <reporter-output>
          </reporter-output>
        </test-method> <!-- setup -->
        <test-method signature="verifytitlepageTest()[pri:0, instance:com.prjct.qa.testcases.HomepageTest@6302bbb1]" started-at="2024-06-11T14:10:18 IST" name="verifytitlepageTest" finished-at="2024-06-11T14:10:18 IST" duration-ms="7" status="PASS">
          <reporter-output>
          </reporter-output>
        </test-method> <!-- verifytitlepageTest -->
        <test-method is-config="true" signature="teardown()[pri:0, instance:com.prjct.qa.testcases.HomepageTest@6302bbb1]" started-at="2024-06-11T14:10:18 IST" name="teardown" finished-at="2024-06-11T14:10:19 IST" duration-ms="99" status="PASS">
          <reporter-output>
          </reporter-output>
        </test-method> <!-- teardown -->
      </class> <!-- com.prjct.qa.testcases.HomepageTest -->
    </test> <!-- Test -->
  </suite> <!-- Suite -->
</testng-results>
